2023-04-10 22:00:44,430 ERROR: Exception on /user/ersin [GET] [in C:\Users\ErsinN\PycharmProjects\micro_blog\venv\Lib\site-packages\flask\app.py:1744]
Traceback (most recent call last):
  File "C:\Users\ErsinN\PycharmProjects\micro_blog\venv\Lib\site-packages\flask\app.py", line 2528, in wsgi_app
    response = self.full_dispatch_request()
               ^^^^^^^^^^^^^^^^^^^^^^^^^^^^
  File "C:\Users\ErsinN\PycharmProjects\micro_blog\venv\Lib\site-packages\flask\app.py", line 1825, in full_dispatch_request
    rv = self.handle_user_exception(e)
         ^^^^^^^^^^^^^^^^^^^^^^^^^^^^^
  File "C:\Users\ErsinN\PycharmProjects\micro_blog\venv\Lib\site-packages\flask\app.py", line 1823, in full_dispatch_request
    rv = self.dispatch_request()
         ^^^^^^^^^^^^^^^^^^^^^^^
  File "C:\Users\ErsinN\PycharmProjects\micro_blog\venv\Lib\site-packages\flask\app.py", line 1799, in dispatch_request
    return self.ensure_sync(self.view_functions[rule.endpoint])(**view_args)
           ^^^^^^^^^^^^^^^^^^^^^^^^^^^^^^^^^^^^^^^^^^^^^^^^^^^^^^^^^^^^^^^^^
  File "C:\Users\ErsinN\PycharmProjects\micro_blog\venv\Lib\site-packages\flask_login\utils.py", line 290, in decorated_view
    return current_app.ensure_sync(func)(*args, **kwargs)
           ^^^^^^^^^^^^^^^^^^^^^^^^^^^^^^^^^^^^^^^^^^^^^^
  File "C:\Users\ErsinN\PycharmProjects\micro_blog\app\routes.py", line 97, in user
    return render_template('user.html', user=user_, posts=posts, form=form)
           ^^^^^^^^^^^^^^^^^^^^^^^^^^^^^^^^^^^^^^^^^^^^^^^^^^^^^^^^^^^^^^^^
  File "C:\Users\ErsinN\PycharmProjects\micro_blog\venv\Lib\site-packages\flask\templating.py", line 147, in render_template
    return _render(app, template, context)
           ^^^^^^^^^^^^^^^^^^^^^^^^^^^^^^^
  File "C:\Users\ErsinN\PycharmProjects\micro_blog\venv\Lib\site-packages\flask\templating.py", line 130, in _render
    rv = template.render(context)
         ^^^^^^^^^^^^^^^^^^^^^^^^
  File "C:\Users\ErsinN\PycharmProjects\micro_blog\venv\Lib\site-packages\jinja2\environment.py", line 1301, in render
    self.environment.handle_exception()
  File "C:\Users\ErsinN\PycharmProjects\micro_blog\venv\Lib\site-packages\jinja2\environment.py", line 936, in handle_exception
    raise rewrite_traceback_stack(source=source)
  File "C:\Users\ErsinN\PycharmProjects\micro_blog\app\templates\user.html", line 1, in top-level template code
    {% extends "layout.html" %}
    ^^^^^^^^^^^^^^^^^^^^^^^^^
  File "C:\Users\ErsinN\PycharmProjects\micro_blog\app\templates\layout.html", line 32, in top-level template code
    {% block content %} {% endblock content %}
    ^^^^^^^^^^^^^^^^^^^^^^^^^
  File "C:\Users\ErsinN\PycharmProjects\micro_blog\app\templates\user.html", line 19, in block 'content'
    {{ form.hidden_tag() }}
TypeError: FlaskForm.hidden_tag() missing 1 required positional argument: 'self'
2023-04-10 22:15:47,087 ERROR: Exception on /user/ersin [GET] [in C:\Users\ErsinN\PycharmProjects\micro_blog\venv\Lib\site-packages\flask\app.py:1744]
Traceback (most recent call last):
  File "C:\Users\ErsinN\PycharmProjects\micro_blog\venv\Lib\site-packages\flask\app.py", line 2528, in wsgi_app
    response = self.full_dispatch_request()
               ^^^^^^^^^^^^^^^^^^^^^^^^^^^^
  File "C:\Users\ErsinN\PycharmProjects\micro_blog\venv\Lib\site-packages\flask\app.py", line 1825, in full_dispatch_request
    rv = self.handle_user_exception(e)
         ^^^^^^^^^^^^^^^^^^^^^^^^^^^^^
  File "C:\Users\ErsinN\PycharmProjects\micro_blog\venv\Lib\site-packages\flask\app.py", line 1823, in full_dispatch_request
    rv = self.dispatch_request()
         ^^^^^^^^^^^^^^^^^^^^^^^
  File "C:\Users\ErsinN\PycharmProjects\micro_blog\venv\Lib\site-packages\flask\app.py", line 1799, in dispatch_request
    return self.ensure_sync(self.view_functions[rule.endpoint])(**view_args)
           ^^^^^^^^^^^^^^^^^^^^^^^^^^^^^^^^^^^^^^^^^^^^^^^^^^^^^^^^^^^^^^^^^
  File "C:\Users\ErsinN\PycharmProjects\micro_blog\venv\Lib\site-packages\flask_login\utils.py", line 290, in decorated_view
    return current_app.ensure_sync(func)(*args, **kwargs)
           ^^^^^^^^^^^^^^^^^^^^^^^^^^^^^^^^^^^^^^^^^^^^^^
  File "C:\Users\ErsinN\PycharmProjects\micro_blog\app\routes.py", line 97, in user
    return render_template('user.html', user=user_, posts=posts, form=form)
           ^^^^^^^^^^^^^^^^^^^^^^^^^^^^^^^^^^^^^^^^^^^^^^^^^^^^^^^^^^^^^^^^
  File "C:\Users\ErsinN\PycharmProjects\micro_blog\venv\Lib\site-packages\flask\templating.py", line 147, in render_template
    return _render(app, template, context)
           ^^^^^^^^^^^^^^^^^^^^^^^^^^^^^^^
  File "C:\Users\ErsinN\PycharmProjects\micro_blog\venv\Lib\site-packages\flask\templating.py", line 130, in _render
    rv = template.render(context)
         ^^^^^^^^^^^^^^^^^^^^^^^^
  File "C:\Users\ErsinN\PycharmProjects\micro_blog\venv\Lib\site-packages\jinja2\environment.py", line 1301, in render
    self.environment.handle_exception()
  File "C:\Users\ErsinN\PycharmProjects\micro_blog\venv\Lib\site-packages\jinja2\environment.py", line 936, in handle_exception
    raise rewrite_traceback_stack(source=source)
  File "C:\Users\ErsinN\PycharmProjects\micro_blog\app\templates\user.html", line 1, in top-level template code
    {% extends "layout.html" %}
    ^^^^^^^^^^^^^^^^^^^^^^^^^
  File "C:\Users\ErsinN\PycharmProjects\micro_blog\app\templates\layout.html", line 32, in top-level template code
    {% block content %} {% endblock content %}
    ^^^^^^^^^^^^^^^^^^^^^^^^^
  File "C:\Users\ErsinN\PycharmProjects\micro_blog\app\templates\user.html", line 19, in block 'content'
    <!--                        {{ form.hidden_tag() }}-->
    ^^^^^^^^^^^^^^^^^^^^^^^^^
TypeError: FlaskForm.hidden_tag() missing 1 required positional argument: 'self'
2023-04-10 22:19:50,105 ERROR: Exception on /user/ersin [GET] [in C:\Users\ErsinN\PycharmProjects\micro_blog\venv\Lib\site-packages\flask\app.py:1744]
Traceback (most recent call last):
  File "C:\Users\ErsinN\PycharmProjects\micro_blog\venv\Lib\site-packages\flask\app.py", line 2528, in wsgi_app
    response = self.full_dispatch_request()
               ^^^^^^^^^^^^^^^^^^^^^^^^^^^^
  File "C:\Users\ErsinN\PycharmProjects\micro_blog\venv\Lib\site-packages\flask\app.py", line 1825, in full_dispatch_request
    rv = self.handle_user_exception(e)
         ^^^^^^^^^^^^^^^^^^^^^^^^^^^^^
  File "C:\Users\ErsinN\PycharmProjects\micro_blog\venv\Lib\site-packages\flask\app.py", line 1823, in full_dispatch_request
    rv = self.dispatch_request()
         ^^^^^^^^^^^^^^^^^^^^^^^
  File "C:\Users\ErsinN\PycharmProjects\micro_blog\venv\Lib\site-packages\flask\app.py", line 1799, in dispatch_request
    return self.ensure_sync(self.view_functions[rule.endpoint])(**view_args)
           ^^^^^^^^^^^^^^^^^^^^^^^^^^^^^^^^^^^^^^^^^^^^^^^^^^^^^^^^^^^^^^^^^
  File "C:\Users\ErsinN\PycharmProjects\micro_blog\venv\Lib\site-packages\flask_login\utils.py", line 290, in decorated_view
    return current_app.ensure_sync(func)(*args, **kwargs)
           ^^^^^^^^^^^^^^^^^^^^^^^^^^^^^^^^^^^^^^^^^^^^^^
  File "C:\Users\ErsinN\PycharmProjects\micro_blog\app\routes.py", line 97, in user
  File "C:\Users\ErsinN\PycharmProjects\micro_blog\venv\Lib\site-packages\flask\templating.py", line 147, in render_template
    return _render(app, template, context)
           ^^^^^^^^^^^^^^^^^^^^^^^^^^^^^^^
  File "C:\Users\ErsinN\PycharmProjects\micro_blog\venv\Lib\site-packages\flask\templating.py", line 130, in _render
    rv = template.render(context)
         ^^^^^^^^^^^^^^^^^^^^^^^^
  File "C:\Users\ErsinN\PycharmProjects\micro_blog\venv\Lib\site-packages\jinja2\environment.py", line 1301, in render
    self.environment.handle_exception()
  File "C:\Users\ErsinN\PycharmProjects\micro_blog\venv\Lib\site-packages\jinja2\environment.py", line 936, in handle_exception
    raise rewrite_traceback_stack(source=source)
  File "C:\Users\ErsinN\PycharmProjects\micro_blog\app\templates\user.html", line 1, in top-level template code
    {% extends "layout.html" %}
    ^^^^^^^^^^^^^^^^^^^^^^^^^
  File "C:\Users\ErsinN\PycharmProjects\micro_blog\app\templates\layout.html", line 32, in top-level template code
    {% block content %} {% endblock content %}
    ^^^^^^^^^^^^^^^^^^^^^^^^^
  File "C:\Users\ErsinN\PycharmProjects\micro_blog\app\templates\user.html", line 19, in block 'content'
    <!--                        {{ form.hidden_tag() }}-->
    ^^^^^^^^^^^^^^^^^^^^^^^^^
TypeError: FlaskForm.hidden_tag() missing 1 required positional argument: 'self'
2023-04-10 22:20:09,501 INFO: Microblog startup [in C:\Users\ErsinN\PycharmProjects\micro_blog\app\__init__.py:46]
